<?xml version="1.0" encoding="UTF-8"?>
<!-- Generated by org.testng.reporters.JUnitXMLReporter -->
<testsuite hostname="QA-W10E-64-DL" name="Sakai Direct Login Test" tests="3" failures="0" timestamp="31 Aug 2017 08:48:15 GMT" time="50.632" errors="0">
  <testcase name="@BeforeClass testSuiteSetup" time="0.0" classname="com.mcgraw.test.automation.tests.sakai.DirectLogin">
    <failure type="org.openqa.selenium.remote.UnreachableBrowserException" message="Error communicating with the remote browser. It may have died.
Build info: version: &amp;apos;2.53.0&amp;apos;, revision: &amp;apos;35ae25b1534ae328c771e0856c93e187490ca824&amp;apos;, time: &amp;apos;2016-03-15 10:43:46&amp;apos;
System info: host: &amp;apos;QA-W10E-64-DL&amp;apos;, ip: &amp;apos;192.168.0.168&amp;apos;, os.name: &amp;apos;Windows 10&amp;apos;, os.arch: &amp;apos;amd64&amp;apos;, os.version: &amp;apos;10.0&amp;apos;, java.version: &amp;apos;1.8.0_144&amp;apos;
Driver info: driver.version: RemoteWebDriver
Capabilities [{applicationCacheEnabled=true, rotatable=false, handlesAlerts=true, databaseEnabled=true, version=46.0.1, platform=WINDOWS, nativeEvents=false, acceptSslCerts=true, webStorageEnabled=true, locationContextEnabled=true, browserName=firefox, takesScreenshot=true, javascriptEnabled=true, cssSelectorsEnabled=true}]
Session ID: 27b916a0-4d52-477c-a1b7-f77dfa86a27a">
      <![CDATA[org.openqa.selenium.remote.UnreachableBrowserException: Error communicating with the remote browser. It may have died.
Build info: version: '2.53.0', revision: '35ae25b1534ae328c771e0856c93e187490ca824', time: '2016-03-15 10:43:46'
System info: host: 'QA-W10E-64-DL', ip: '192.168.0.168', os.name: 'Windows 10', os.arch: 'amd64', os.version: '10.0', java.version: '1.8.0_144'
Driver info: driver.version: RemoteWebDriver
Capabilities [{applicationCacheEnabled=true, rotatable=false, handlesAlerts=true, databaseEnabled=true, version=46.0.1, platform=WINDOWS, nativeEvents=false, acceptSslCerts=true, webStorageEnabled=true, locationContextEnabled=true, browserName=firefox, takesScreenshot=true, javascriptEnabled=true, cssSelectorsEnabled=true}]
Session ID: 27b916a0-4d52-477c-a1b7-f77dfa86a27a
	at org.openqa.selenium.remote.RemoteWebDriver.execute(RemoteWebDriver.java:665)
	at com.mcgraw.test.automation.framework.selenium2.ui.ConvertFirefoxDriver.execute(ConvertFirefoxDriver.java:53)
	at org.openqa.selenium.remote.RemoteWebDriver.execute(RemoteWebDriver.java:701)
	at org.openqa.selenium.remote.RemoteWebDriver$RemoteWebDriverOptions.deleteAllCookies(RemoteWebDriver.java:773)
	at com.mcgraw.test.automation.ui.applications.MhCampusInstanceApplication.loginToMhCampusInstanceAsAdmin(MhCampusInstanceApplication.java:89)
	at com.mcgraw.test.automation.tests.sakai.DirectLogin.testSuiteSetup(DirectLogin.java:65)
	at com.mcgraw.test.automation.framework.core.runner.CommandLineRunner.run(CommandLineRunner.java:147)
	at com.mcgraw.test.automation.tests.base.TestNgRunner.main(TestNgRunner.java:36)
Caused by: org.apache.http.conn.HttpHostConnectException: Connect to 127.0.0.1:7055 [/127.0.0.1] failed: Connection refused: connect
	at org.apache.http.impl.conn.DefaultHttpClientConnectionOperator.connect(DefaultHttpClientConnectionOperator.java:151)
	at org.apache.http.impl.conn.PoolingHttpClientConnectionManager.connect(PoolingHttpClientConnectionManager.java:353)
	at org.apache.http.impl.execchain.MainClientExec.establishRoute(MainClientExec.java:380)
	at org.apache.http.impl.execchain.MainClientExec.execute(MainClientExec.java:236)
	at org.apache.http.impl.execchain.ProtocolExec.execute(ProtocolExec.java:184)
	at org.apache.http.impl.execchain.RetryExec.execute(RetryExec.java:88)
	at org.apache.http.impl.execchain.RedirectExec.execute(RedirectExec.java:110)
	at org.apache.http.impl.client.InternalHttpClient.doExecute(InternalHttpClient.java:184)
	at org.apache.http.impl.client.CloseableHttpClient.execute(CloseableHttpClient.java:71)
	at org.apache.http.impl.client.CloseableHttpClient.execute(CloseableHttpClient.java:55)
	at org.openqa.selenium.remote.internal.ApacheHttpClient.fallBackExecute(ApacheHttpClient.java:144)
	at org.openqa.selenium.remote.internal.ApacheHttpClient.execute(ApacheHttpClient.java:90)
	at org.openqa.selenium.remote.HttpCommandExecutor.execute(HttpCommandExecutor.java:142)
	at org.openqa.selenium.firefox.internal.NewProfileExtensionConnection.execute(NewProfileExtensionConnection.java:160)
	at org.openqa.selenium.firefox.FirefoxDriver$LazyCommandExecutor.execute(FirefoxDriver.java:380)
	at org.openqa.selenium.remote.RemoteWebDriver.execute(RemoteWebDriver.java:644)
	... 28 more
Caused by: java.net.ConnectException: Connection refused: connect
	at java.net.DualStackPlainSocketImpl.waitForConnect(Native Method)
	at java.net.DualStackPlainSocketImpl.socketConnect(DualStackPlainSocketImpl.java:85)
	at java.net.AbstractPlainSocketImpl.doConnect(AbstractPlainSocketImpl.java:350)
	at java.net.AbstractPlainSocketImpl.connectToAddress(AbstractPlainSocketImpl.java:206)
	at java.net.AbstractPlainSocketImpl.connect(AbstractPlainSocketImpl.java:188)
	at java.net.PlainSocketImpl.connect(PlainSocketImpl.java:172)
	at java.net.SocksSocketImpl.connect(SocksSocketImpl.java:392)
	at java.net.Socket.connect(Socket.java:589)
	at org.apache.http.conn.socket.PlainConnectionSocketFactory.connectSocket(PlainConnectionSocketFactory.java:74)
	at org.apache.http.impl.conn.DefaultHttpClientConnectionOperator.connect(DefaultHttpClientConnectionOperator.java:134)
	... 43 more
... Removed 21 stack frames]]>
    </failure>
  </testcase> <!-- @BeforeClass testSuiteSetup -->
  <testcase name="@BeforeMethod springTestContextBeforeTestMethod" time="0.0" classname="com.mcgraw.test.automation.tests.sakai.DirectLogin">
    <skipped/>
  </testcase> <!-- @BeforeMethod springTestContextBeforeTestMethod -->
  <testcase name="@AfterMethod makeScreenshot" time="0.0" classname="com.mcgraw.test.automation.tests.sakai.DirectLogin">
    <skipped/>
  </testcase> <!-- @AfterMethod makeScreenshot -->
  <testcase name="@AfterClass testSuiteTearDown" time="0.0" classname="com.mcgraw.test.automation.tests.sakai.DirectLogin">
    <skipped/>
  </testcase> <!-- @AfterClass testSuiteTearDown -->
  <testcase name="checkAuthenticationAndAuthorizationConnectorsAreAvailable" time="0.005" classname="com.mcgraw.test.automation.tests.sakai.DirectLogin">
    <skipped/>
  </testcase> <!-- checkAuthenticationAndAuthorizationConnectorsAreAvailable -->
  <testcase name="checkDirectLoginForSakaiInstructor" time="0.0" classname="com.mcgraw.test.automation.tests.sakai.DirectLogin">
    <skipped/>
  </testcase> <!-- checkDirectLoginForSakaiInstructor -->
  <testcase name="checkDirectLoginForSakaiStudent" time="0.0" classname="com.mcgraw.test.automation.tests.sakai.DirectLogin">
    <skipped/>
  </testcase> <!-- checkDirectLoginForSakaiStudent -->
</testsuite> <!-- Sakai Direct Login Test -->
