<html>
<head>
<title>TestNG:  Canvas Configurtaion Number 32</title>
<link href="../testng.css" rel="stylesheet" type="text/css" />
<link href="../my-testng.css" rel="stylesheet" type="text/css" />

<style type="text/css">
.log { display: none;} 
.stack-trace { display: none;} 
</style>
<script type="text/javascript">
<!--
function flip(e) {
  current = e.style.display;
  if (current == 'block') {
    e.style.display = 'none';
    return 0;
  }
  else {
    e.style.display = 'block';
    return 1;
  }
}

function toggleBox(szDivId, elem, msg1, msg2)
{
  var res = -1;  if (document.getElementById) {
    res = flip(document.getElementById(szDivId));
  }
  else if (document.all) {
    // this is the way old msie versions work
    res = flip(document.all[szDivId]);
  }
  if(elem) {
    if(res == 0) elem.innerHTML = msg1; else elem.innerHTML = msg2;
  }

}

function toggleAllBoxes() {
  if (document.getElementsByTagName) {
    d = document.getElementsByTagName('div');
    for (i = 0; i < d.length; i++) {
      if (d[i].className == 'log') {
        flip(d[i]);
      }
    }
  }
}

// -->
</script>

</head>
<body>
<h2 align='center'>Canvas Configurtaion Number 32</h2><table border='1' align="center">
<tr>
<td>Tests passed/Failed/Skipped:</td><td>0/1/3</td>
</tr><tr>
<td>Started on:</td><td>Mon Jan 01 20:36:50 IST 2018</td>
</tr>
<tr><td>Total time:</td><td>214 seconds (214271 ms)</td>
</tr><tr>
<td>Included groups:</td><td></td>
</tr><tr>
<td>Excluded groups:</td><td></td>
</tr>
</table><p/>
<small><i>(Hover the method name to see the test class name)</i></small><p/>
<table width='100%' border='1' class='invocation-failed'>
<tr><td colspan='4' align='center'><b>FAILED TESTS</b></td></tr>
<tr><td><b>Test method</b></td>
<td width="30%"><b>Exception</b></td>
<td width="10%"><b>Time (seconds)</b></td>
<td><b>Instance</b></td>
</tr>
<tr>
<td title='com.mcgraw.test.automation.tests.canvas.configurations.CustomCanvasConfiguration32.DeepSSOasInstructor()'><b>DeepSSOasInstructor</b><br>Test class: com.mcgraw.test.automation.tests.canvas.configurations.CustomCanvasConfiguration32<br>Test method: Check Deep integration SSO to MHC as Instructor <br/>
<a href="#Output-1180774576" onClick='toggleBox("Output-1180774576", this, "Show output", "Hide output");'>Show output</a>

<a href="#Output-1180774576" onClick="toggleAllBoxes();">Show all outputs</a>
<div class='log' id="Output-1180774576">
2018-01-01 20:38:14,014  INFO root - Logging in to Canvas...<br>
<br/>
2018-01-01 20:38:14,014  INFO root - Pause for '3000' millis<br>
<br/>
2018-01-01 20:38:17,033  INFO root - Opening URL: https://mcgraw-hill2.instructure.com. Thread ID: 1 Browser: com.mcgraw.test.automation.framework.selenium2.ui.Browser@1c75e45a<br>
<br/>
2018-01-01 20:38:19,399  INFO root - Waiting for CanvasLoginScreen page...<br>
<br/>
2018-01-01 20:38:19,521  INFO root - Pause for '2000' millis<br>
<br/>
2018-01-01 20:38:21,700  INFO root - Type value 'instructorXStMU7' to Input 'name=pseudonym_session[unique_id]'<br>
<br/>
2018-01-01 20:38:22,076  INFO root - Type value '123qweA@' to Input 'name=pseudonym_session[password]'<br>
<br/>
2018-01-01 20:38:22,412 HTML_OUTPUT root - Taken screenshoot <a href='screenshoots/screenshot-20180101-203822410.png'>screenshot-20180101-203822410.png</a><br>
<br/>
2018-01-01 20:38:22,412  INFO root - Pause for '2000' millis<br>
<br/>
2018-01-01 20:38:27,804 HTML_OUTPUT root - Taken screenshoot <a href='screenshoots/screenshot-20180101-203827802.png'>screenshot-20180101-203827802.png</a><br>
<br/>
2018-01-01 20:38:30,717  INFO root - Waiting for CanvasHomeScreen page...<br>
<br/>
2018-01-01 20:38:30,896  INFO root - Going to the created course CourseName1Ve5IuL...<br>
<br/>
2018-01-01 20:38:30,896  INFO root - Wait for element By: By.id: global_nav_courses_link<br>
<br/>
2018-01-01 20:38:31,283  INFO root - Wait for element By: By.xpath: //a[contains(text(),'CourseName1Ve5IuL')]<br>
<br/>
2018-01-01 20:38:32,383  INFO root - Clicking element by using Javascript: 'CourseName1Ve5IuL'<br>
<br/>
2018-01-01 20:38:32,452  INFO root - Waiting for CanvasCourseDetailsScreen page...<br>
<br/>
2018-01-01 20:38:35,481 HTML_OUTPUT root - Taken screenshoot <a href='screenshoots/screenshot-20180101-203835467.png'>screenshot-20180101-203835467.png</a><br>
<br/>
2018-01-01 20:38:35,481  INFO root - Check application link: AConnectDI present in Canvas<br>
<br/>
2018-01-01 20:38:35,527  INFO root - Begin with Connect<br>
<br/>
2018-01-01 20:38:35,528  INFO root - Clicking Application Link...<br>
<br/>
2018-01-01 20:38:35,528  INFO root - Wait for element By: By.xpath: //a[contains(text(),'AConnectDI')]<br>
<br/>
2018-01-01 20:38:37,833  INFO root - Pause for '10000' millis<br>
<br/>
2018-01-01 20:38:48,055 HTML_OUTPUT root - Taken screenshoot <a href='screenshoots/screenshot-20180101-203848053.png'>screenshot-20180101-203848053.png</a><br>
<br/>
2018-01-01 20:38:48,499  INFO root - Pause for '10000' millis<br>
<br/>
2018-01-01 20:38:58,544  INFO root - Waiting for CanvasConnectCreateAccountScreen page...<br>
<br/>
2018-01-01 20:40:08,816 HTML_OUTPUT root - Taken screenshoot <a href='screenshoots/screenshot-20180101-204008813.png'>screenshot-20180101-204008813.png</a><br>
<br/>
2018-01-01 20:40:08,841  INFO root - Clicking Application Link...<br>
<br/>
2018-01-01 20:40:08,841  INFO root - Wait for element By: By.xpath: //a[contains(text(),'AConnectDI')]<br>
<br/>
2018-01-01 20:40:10,744  INFO root - Pause for '10000' millis<br>
<br/>
2018-01-01 20:40:20,957 HTML_OUTPUT root - Taken screenshoot <a href='screenshoots/screenshot-20180101-204020955.png'>screenshot-20180101-204020955.png</a><br>
<br/>
</div>
</td>
<td><div><pre>org.openqa.selenium.NoSuchFrameException: No frame element found by name or id tool_content
Build info: version: &apos;2.53.0&apos;, revision: &apos;35ae25b1534ae328c771e0856c93e187490ca824&apos;, time: &apos;2016-03-15 10:43:46&apos;
System info: host: &apos;QA-W7E64-W-21&apos;, ip: &apos;192.168.0.214&apos;, os.name: &apos;Windows 7&apos;, os.arch: &apos;amd64&apos;, os.version: &apos;6.1&apos;, java.version: &apos;1.7.0_79&apos;
Driver info: driver.version: unknown
	at org.openqa.selenium.remote.RemoteWebDriver$RemoteTargetLocator.frame(RemoteWebDriver.java:997)
	at com.mcgraw.test.automation.ui.canvas.CanvasCourseDetailsScreen.ClickOnToolLink(CanvasCourseDetailsScreen.java:706)
	at com.mcgraw.test.automation.tests.canvas.configurations.CustomCanvasConfiguration32.DeepSSOasInstructor(CustomCanvasConfiguration32.java:162)
	at org.springframework.test.context.testng.AbstractTestNGSpringContextTests.run(AbstractTestNGSpringContextTests.java:155)
... Removed 29 stack frames</pre></div><a href='#' onClick='toggleBox("stack-trace1180774576", this, "Click to show all stack frames", "Click to hide stack frames")'>Click to show all stack frames</a>
<div class='stack-trace' id='stack-trace1180774576'><pre>org.openqa.selenium.NoSuchFrameException: No frame element found by name or id tool_content
Build info: version: &apos;2.53.0&apos;, revision: &apos;35ae25b1534ae328c771e0856c93e187490ca824&apos;, time: &apos;2016-03-15 10:43:46&apos;
System info: host: &apos;QA-W7E64-W-21&apos;, ip: &apos;192.168.0.214&apos;, os.name: &apos;Windows 7&apos;, os.arch: &apos;amd64&apos;, os.version: &apos;6.1&apos;, java.version: &apos;1.7.0_79&apos;
Driver info: driver.version: unknown
	at org.openqa.selenium.remote.RemoteWebDriver$RemoteTargetLocator.frame(RemoteWebDriver.java:997)
	at com.mcgraw.test.automation.ui.canvas.CanvasCourseDetailsScreen.ClickOnToolLink(CanvasCourseDetailsScreen.java:706)
	at com.mcgraw.test.automation.tests.canvas.configurations.CustomCanvasConfiguration32.DeepSSOasInstructor(CustomCanvasConfiguration32.java:162)
	at sun.reflect.NativeMethodAccessorImpl.invoke0(Native Method)
	at sun.reflect.NativeMethodAccessorImpl.invoke(NativeMethodAccessorImpl.java:57)
	at sun.reflect.DelegatingMethodAccessorImpl.invoke(DelegatingMethodAccessorImpl.java:43)
	at java.lang.reflect.Method.invoke(Method.java:606)
	at org.testng.internal.MethodInvocationHelper.invokeMethod(MethodInvocationHelper.java:84)
	at org.testng.internal.MethodInvocationHelper$1.runTestMethod(MethodInvocationHelper.java:200)
	at org.springframework.test.context.testng.AbstractTestNGSpringContextTests.run(AbstractTestNGSpringContextTests.java:155)
	at sun.reflect.GeneratedMethodAccessor14.invoke(Unknown Source)
	at sun.reflect.DelegatingMethodAccessorImpl.invoke(DelegatingMethodAccessorImpl.java:43)
	at java.lang.reflect.Method.invoke(Method.java:606)
	at org.testng.internal.MethodInvocationHelper.invokeHookable(MethodInvocationHelper.java:212)
	at org.testng.internal.Invoker.invokeMethod(Invoker.java:707)
	at org.testng.internal.Invoker.invokeTestMethod(Invoker.java:901)
	at org.testng.internal.Invoker.invokeTestMethods(Invoker.java:1231)
	at org.testng.internal.TestMethodWorker.invokeTestMethods(TestMethodWorker.java:127)
	at org.testng.internal.TestMethodWorker.run(TestMethodWorker.java:111)
	at org.testng.TestRunner.privateRun(TestRunner.java:767)
	at org.testng.TestRunner.run(TestRunner.java:617)
	at org.testng.SuiteRunner.runTest(SuiteRunner.java:334)
	at org.testng.SuiteRunner.runSequentially(SuiteRunner.java:329)
	at org.testng.SuiteRunner.privateRun(SuiteRunner.java:291)
	at org.testng.SuiteRunner.run(SuiteRunner.java:240)
	at org.testng.SuiteRunnerWorker.runSuite(SuiteRunnerWorker.java:52)
	at org.testng.SuiteRunnerWorker.run(SuiteRunnerWorker.java:86)
	at org.testng.TestNG.runSuitesSequentially(TestNG.java:1224)
	at org.testng.TestNG.runSuitesLocally(TestNG.java:1149)
	at org.testng.TestNG.run(TestNG.java:1057)
	at org.testng.remote.AbstractRemoteTestNG.run(AbstractRemoteTestNG.java:114)
	at org.testng.remote.RemoteTestNG.initAndRun(RemoteTestNG.java:251)
	at org.testng.remote.RemoteTestNG.main(RemoteTestNG.java:77)
</pre></div></td>
<td>126</td>
<td>com.mcgraw.test.automation.tests.canvas.configurations.CustomCanvasConfiguration32@4a9676fc</td></tr>
</table><p>
<table width='100%' border='1' class='invocation-skipped'>
<tr><td colspan='4' align='center'><b>SKIPPED TESTS</b></td></tr>
<tr><td><b>Test method</b></td>
<td width="30%"><b>Exception</b></td>
<td width="10%"><b>Time (seconds)</b></td>
<td><b>Instance</b></td>
</tr>
<tr>
<td title='com.mcgraw.test.automation.tests.canvas.configurations.CustomCanvasConfiguration32.DeepSSOasStudent()'><b>DeepSSOasStudent</b><br>Test class: com.mcgraw.test.automation.tests.canvas.configurations.CustomCanvasConfiguration32<br>Test method: Check Deep integration SSO to MHC as Student </td>
<td></td>
<td>0</td>
<td>null</td></tr>
<tr>
<td title='com.mcgraw.test.automation.tests.canvas.configurations.CustomCanvasConfiguration32.checkDeepSubmittingTestScorableItemFormIsSuccessfull()'><b>checkDeepSubmittingTestScorableItemFormIsSuccessfull</b><br>Test class: com.mcgraw.test.automation.tests.canvas.configurations.CustomCanvasConfiguration32<br>Test method: Check TestScorableItem form is submitted successfully in Deep</td>
<td></td>
<td>0</td>
<td>null</td></tr>
<tr>
<td title='com.mcgraw.test.automation.tests.canvas.configurations.CustomCanvasConfiguration32.checkDeppSubmittingTestScoreFormIsSuccessfullForStudent()'><b>checkDeppSubmittingTestScoreFormIsSuccessfullForStudent</b><br>Test class: com.mcgraw.test.automation.tests.canvas.configurations.CustomCanvasConfiguration32<br>Test method: Check TestScore form is submitted successfully in Deep</td>
<td></td>
<td>0</td>
<td>null</td></tr>
</table><p>
</body>
</html>