<?xml version="1.0" encoding="UTF-8"?>
<!-- Generated by org.testng.reporters.JUnitXMLReporter -->
<testsuite hostname="QA-W7E64-W-21" name="Canvas Configurtaion Number 32" tests="4" failures="1" timestamp="1 Jan 2018 18:40:24 GMT" time="214.271" errors="0">
  <testcase name="DeepSSOasInstructor" time="126.97" classname="com.mcgraw.test.automation.tests.canvas.configurations.CustomCanvasConfiguration32">
    <failure type="org.openqa.selenium.NoSuchFrameException" message="No frame element found by name or id tool_content
Build info: version: &amp;apos;2.53.0&amp;apos;, revision: &amp;apos;35ae25b1534ae328c771e0856c93e187490ca824&amp;apos;, time: &amp;apos;2016-03-15 10:43:46&amp;apos;
System info: host: &amp;apos;QA-W7E64-W-21&amp;apos;, ip: &amp;apos;192.168.0.214&amp;apos;, os.name: &amp;apos;Windows 7&amp;apos;, os.arch: &amp;apos;amd64&amp;apos;, os.version: &amp;apos;6.1&amp;apos;, java.version: &amp;apos;1.7.0_79&amp;apos;
Driver info: driver.version: unknown">
      <![CDATA[org.openqa.selenium.NoSuchFrameException: No frame element found by name or id tool_content
Build info: version: '2.53.0', revision: '35ae25b1534ae328c771e0856c93e187490ca824', time: '2016-03-15 10:43:46'
System info: host: 'QA-W7E64-W-21', ip: '192.168.0.214', os.name: 'Windows 7', os.arch: 'amd64', os.version: '6.1', java.version: '1.7.0_79'
Driver info: driver.version: unknown
	at org.openqa.selenium.remote.RemoteWebDriver$RemoteTargetLocator.frame(RemoteWebDriver.java:997)
	at com.mcgraw.test.automation.ui.canvas.CanvasCourseDetailsScreen.ClickOnToolLink(CanvasCourseDetailsScreen.java:706)
	at com.mcgraw.test.automation.tests.canvas.configurations.CustomCanvasConfiguration32.DeepSSOasInstructor(CustomCanvasConfiguration32.java:162)
	at org.springframework.test.context.testng.AbstractTestNGSpringContextTests.run(AbstractTestNGSpringContextTests.java:155)
... Removed 29 stack frames]]>
    </failure>
  </testcase> <!-- DeepSSOasInstructor -->
  <testcase name="DeepSSOasStudent" time="0.0" classname="com.mcgraw.test.automation.tests.canvas.configurations.CustomCanvasConfiguration32">
    <skipped/>
  </testcase> <!-- DeepSSOasStudent -->
  <testcase name="checkDeepSubmittingTestScorableItemFormIsSuccessfull" time="0.0" classname="com.mcgraw.test.automation.tests.canvas.configurations.CustomCanvasConfiguration32">
    <skipped/>
  </testcase> <!-- checkDeepSubmittingTestScorableItemFormIsSuccessfull -->
  <testcase name="checkDeppSubmittingTestScoreFormIsSuccessfullForStudent" time="0.0" classname="com.mcgraw.test.automation.tests.canvas.configurations.CustomCanvasConfiguration32">
    <skipped/>
  </testcase> <!-- checkDeppSubmittingTestScoreFormIsSuccessfullForStudent -->
</testsuite> <!-- Canvas Configurtaion Number 32 -->
