<?xml version="1.0" encoding="UTF-8"?>
<!-- Generated by org.testng.reporters.JUnitXMLReporter -->
<testsuite hostname="Elvira-Lap" name="CourseSmart Provider Test" tests="2" failures="2" timestamp="10 Apr 2016 11:30:38 GMT" time="976.647" errors="0">
  <testcase name="checkCourseSmartProviderForInstructor" time="190.011" classname="com.mcgraw.test.automation.tests.externaltools.CourseSmartLaunchEbook">
    <failure type="com.mcgraw.test.automation.framework.core.timing.TimeoutException" message="Timed out after 100 seconds waiting for com.mcgraw.test.automation.framework.selenium2.ui.WebDriverFunctions$3@42f400c3">
      <![CDATA[com.mcgraw.test.automation.framework.core.timing.TimeoutException: Timed out after 100 seconds waiting for com.mcgraw.test.automation.framework.selenium2.ui.WebDriverFunctions$3@42f400c3
	at com.mcgraw.test.automation.framework.selenium2.ui.Browser$5.timeoutException(Browser.java:538)
	at com.mcgraw.test.automation.framework.core.timing.SmartWait.until(SmartWait.java:231)
	at com.mcgraw.test.automation.framework.selenium2.ui.Browser.waitForElement(Browser.java:543)
	at com.mcgraw.test.automation.framework.selenium2.ui.Browser.waitForElement(Browser.java:552)
	at com.mcgraw.test.automation.ui.mhcampus.course.MhCampusCourseBlock.fillFormForBookshelf(MhCampusCourseBlock.java:644)
	at com.mcgraw.test.automation.ui.mhcampus.course.MhCampusCourseBlock.clickLaunchEbookLinkAndFillEmail(MhCampusCourseBlock.java:565)
	at com.mcgraw.test.automation.tests.externaltools.CourseSmartLaunchEbook.checkCourseSmartProviderForInstructor(CourseSmartLaunchEbook.java:122)
	at org.springframework.test.context.testng.AbstractTestNGSpringContextTests.run(AbstractTestNGSpringContextTests.java:155)
Caused by: org.openqa.selenium.NoSuchElementException: Unable to locate element: {"method":"xpath","selector":".//*[@id='reader']/div[1]/div/button"}
Command duration or timeout: 14 milliseconds
For documentation on this error, please visit: http://seleniumhq.org/exceptions/no_such_element.html
Build info: version: '2.53.0', revision: '35ae25b1534ae328c771e0856c93e187490ca824', time: '2016-03-15 10:43:46'
System info: host: 'Elvira-Lap', ip: '192.168.2.24', os.name: 'Windows 8.1', os.arch: 'amd64', os.version: '6.3', java.version: '1.7.0_79'
*** Element info: {Using=xpath, value=.//*[@id='reader']/div[1]/div/button}
Session ID: 15affeea-4233-4634-93e4-8abc67e90f3a
Driver info: com.mcgraw.test.automation.framework.selenium2.ui.ConvertFirefoxDriver
Capabilities [{platform=WINDOWS, acceptSslCerts=true, javascriptEnabled=true, cssSelectorsEnabled=true, databaseEnabled=true, browserName=firefox, handlesAlerts=true, nativeEvents=false, webStorageEnabled=true, rotatable=false, locationContextEnabled=true, applicationCacheEnabled=true, takesScreenshot=true, version=45.0.1}]
	at org.openqa.selenium.remote.ErrorHandler.createThrowable(ErrorHandler.java:206)
	at org.openqa.selenium.remote.ErrorHandler.throwIfResponseFailed(ErrorHandler.java:158)
	at org.openqa.selenium.remote.RemoteWebDriver.execute(RemoteWebDriver.java:678)
	at com.mcgraw.test.automation.framework.selenium2.ui.ConvertFirefoxDriver.execute(ConvertFirefoxDriver.java:35)
	at org.openqa.selenium.remote.RemoteWebDriver.findElement(RemoteWebDriver.java:363)
	at org.openqa.selenium.remote.RemoteWebDriver.findElementByXPath(RemoteWebDriver.java:500)
	at org.openqa.selenium.By$ByXPath.findElement(By.java:361)
	at org.openqa.selenium.remote.RemoteWebDriver.findElement(RemoteWebDriver.java:355)
	at com.mcgraw.test.automation.framework.selenium2.ui.WebDriverFunctions$3.apply(WebDriverFunctions.java:45)
	at com.mcgraw.test.automation.framework.selenium2.ui.WebDriverFunctions$3.apply(WebDriverFunctions.java:1)
	at com.mcgraw.test.automation.framework.core.timing.SmartWait.until(SmartWait.java:207)
	... 36 more
Caused by: org.openqa.selenium.NoSuchElementException: Unable to locate element: {"method":"xpath","selector":".//*[@id='reader']/div[1]/div/button"}
For documentation on this error, please visit: http://seleniumhq.org/exceptions/no_such_element.html
Build info: version: '2.53.0', revision: '35ae25b1534ae328c771e0856c93e187490ca824', time: '2016-03-15 10:43:46'
System info: host: 'Elvira-Lap', ip: '192.168.2.24', os.name: 'Windows 8.1', os.arch: 'amd64', os.version: '6.3', java.version: '1.7.0_79'
Driver info: driver.version: unknown
	at <anonymous class>.FirefoxDriver.prototype.findElementInternal_(file:///C:/Users/elvira/AppData/Local/Temp/anonymous8597480238003633557webdriver-profile/extensions/fxdriver@googlecode.com/components/driver-component.js:10770)
	at <anonymous class>.FirefoxDriver.prototype.findElement(file:///C:/Users/elvira/AppData/Local/Temp/anonymous8597480238003633557webdriver-profile/extensions/fxdriver@googlecode.com/components/driver-component.js:10779)
	at <anonymous class>.DelayedCommand.prototype.executeInternal_/h(file:///C:/Users/elvira/AppData/Local/Temp/anonymous8597480238003633557webdriver-profile/extensions/fxdriver@googlecode.com/components/command-processor.js:12661)
	at <anonymous class>.DelayedCommand.prototype.executeInternal_(file:///C:/Users/elvira/AppData/Local/Temp/anonymous8597480238003633557webdriver-profile/extensions/fxdriver@googlecode.com/components/command-processor.js:12666)
	at <anonymous class>.DelayedCommand.prototype.execute/<(file:///C:/Users/elvira/AppData/Local/Temp/anonymous8597480238003633557webdriver-profile/extensions/fxdriver@googlecode.com/components/command-processor.js:12608)
... Removed 33 stack frames]]>
    </failure>
  </testcase> <!-- checkCourseSmartProviderForInstructor -->
  <testcase name="checkCourseSmartProviderForStudent" time="181.941" classname="com.mcgraw.test.automation.tests.externaltools.CourseSmartLaunchEbook">
    <failure type="com.mcgraw.test.automation.framework.core.timing.TimeoutException" message="Timed out after 100 seconds waiting for com.mcgraw.test.automation.framework.selenium2.ui.WebDriverFunctions$3@485fcd8e">
      <![CDATA[com.mcgraw.test.automation.framework.core.timing.TimeoutException: Timed out after 100 seconds waiting for com.mcgraw.test.automation.framework.selenium2.ui.WebDriverFunctions$3@485fcd8e
	at com.mcgraw.test.automation.framework.selenium2.ui.Browser$5.timeoutException(Browser.java:538)
	at com.mcgraw.test.automation.framework.core.timing.SmartWait.until(SmartWait.java:231)
	at com.mcgraw.test.automation.framework.selenium2.ui.Browser.waitForElement(Browser.java:543)
	at com.mcgraw.test.automation.framework.selenium2.ui.Browser.waitForElement(Browser.java:552)
	at com.mcgraw.test.automation.ui.mhcampus.course.MhCampusCourseBlock.fillFormForBookshelf(MhCampusCourseBlock.java:644)
	at com.mcgraw.test.automation.ui.mhcampus.course.MhCampusCourseBlock.clickLaunchEbookLinkAndFillEmail(MhCampusCourseBlock.java:565)
	at com.mcgraw.test.automation.tests.externaltools.CourseSmartLaunchEbook.checkCourseSmartProviderForStudent(CourseSmartLaunchEbook.java:136)
	at org.springframework.test.context.testng.AbstractTestNGSpringContextTests.run(AbstractTestNGSpringContextTests.java:155)
Caused by: org.openqa.selenium.NoSuchElementException: Unable to locate element: {"method":"xpath","selector":".//*[@id='reader']/div[1]/div/button"}
Command duration or timeout: 43 milliseconds
For documentation on this error, please visit: http://seleniumhq.org/exceptions/no_such_element.html
Build info: version: '2.53.0', revision: '35ae25b1534ae328c771e0856c93e187490ca824', time: '2016-03-15 10:43:46'
System info: host: 'Elvira-Lap', ip: '192.168.2.24', os.name: 'Windows 8.1', os.arch: 'amd64', os.version: '6.3', java.version: '1.7.0_79'
*** Element info: {Using=xpath, value=.//*[@id='reader']/div[1]/div/button}
Session ID: 15affeea-4233-4634-93e4-8abc67e90f3a
Driver info: com.mcgraw.test.automation.framework.selenium2.ui.ConvertFirefoxDriver
Capabilities [{platform=WINDOWS, acceptSslCerts=true, javascriptEnabled=true, cssSelectorsEnabled=true, databaseEnabled=true, browserName=firefox, handlesAlerts=true, nativeEvents=false, webStorageEnabled=true, rotatable=false, locationContextEnabled=true, applicationCacheEnabled=true, takesScreenshot=true, version=45.0.1}]
	at org.openqa.selenium.remote.ErrorHandler.createThrowable(ErrorHandler.java:206)
	at org.openqa.selenium.remote.ErrorHandler.throwIfResponseFailed(ErrorHandler.java:158)
	at org.openqa.selenium.remote.RemoteWebDriver.execute(RemoteWebDriver.java:678)
	at com.mcgraw.test.automation.framework.selenium2.ui.ConvertFirefoxDriver.execute(ConvertFirefoxDriver.java:35)
	at org.openqa.selenium.remote.RemoteWebDriver.findElement(RemoteWebDriver.java:363)
	at org.openqa.selenium.remote.RemoteWebDriver.findElementByXPath(RemoteWebDriver.java:500)
	at org.openqa.selenium.By$ByXPath.findElement(By.java:361)
	at org.openqa.selenium.remote.RemoteWebDriver.findElement(RemoteWebDriver.java:355)
	at com.mcgraw.test.automation.framework.selenium2.ui.WebDriverFunctions$3.apply(WebDriverFunctions.java:45)
	at com.mcgraw.test.automation.framework.selenium2.ui.WebDriverFunctions$3.apply(WebDriverFunctions.java:1)
	at com.mcgraw.test.automation.framework.core.timing.SmartWait.until(SmartWait.java:207)
	... 36 more
Caused by: org.openqa.selenium.NoSuchElementException: Unable to locate element: {"method":"xpath","selector":".//*[@id='reader']/div[1]/div/button"}
For documentation on this error, please visit: http://seleniumhq.org/exceptions/no_such_element.html
Build info: version: '2.53.0', revision: '35ae25b1534ae328c771e0856c93e187490ca824', time: '2016-03-15 10:43:46'
System info: host: 'Elvira-Lap', ip: '192.168.2.24', os.name: 'Windows 8.1', os.arch: 'amd64', os.version: '6.3', java.version: '1.7.0_79'
Driver info: driver.version: unknown
	at <anonymous class>.FirefoxDriver.prototype.findElementInternal_(file:///C:/Users/elvira/AppData/Local/Temp/anonymous8597480238003633557webdriver-profile/extensions/fxdriver@googlecode.com/components/driver-component.js:10770)
	at <anonymous class>.FirefoxDriver.prototype.findElement(file:///C:/Users/elvira/AppData/Local/Temp/anonymous8597480238003633557webdriver-profile/extensions/fxdriver@googlecode.com/components/driver-component.js:10779)
	at <anonymous class>.DelayedCommand.prototype.executeInternal_/h(file:///C:/Users/elvira/AppData/Local/Temp/anonymous8597480238003633557webdriver-profile/extensions/fxdriver@googlecode.com/components/command-processor.js:12661)
	at <anonymous class>.DelayedCommand.prototype.executeInternal_(file:///C:/Users/elvira/AppData/Local/Temp/anonymous8597480238003633557webdriver-profile/extensions/fxdriver@googlecode.com/components/command-processor.js:12666)
	at <anonymous class>.DelayedCommand.prototype.execute/<(file:///C:/Users/elvira/AppData/Local/Temp/anonymous8597480238003633557webdriver-profile/extensions/fxdriver@googlecode.com/components/command-processor.js:12608)
... Removed 33 stack frames]]>
    </failure>
  </testcase> <!-- checkCourseSmartProviderForStudent -->
</testsuite> <!-- CourseSmart Provider Test -->
