<html>
<head>
<title>TestNG:  CourseSmart Provider Test</title>
<link href="../testng.css" rel="stylesheet" type="text/css" />
<link href="../my-testng.css" rel="stylesheet" type="text/css" />

<style type="text/css">
.log { display: none;} 
.stack-trace { display: none;} 
</style>
<script type="text/javascript">
<!--
function flip(e) {
  current = e.style.display;
  if (current == 'block') {
    e.style.display = 'none';
    return 0;
  }
  else {
    e.style.display = 'block';
    return 1;
  }
}

function toggleBox(szDivId, elem, msg1, msg2)
{
  var res = -1;  if (document.getElementById) {
    res = flip(document.getElementById(szDivId));
  }
  else if (document.all) {
    // this is the way old msie versions work
    res = flip(document.all[szDivId]);
  }
  if(elem) {
    if(res == 0) elem.innerHTML = msg1; else elem.innerHTML = msg2;
  }

}

function toggleAllBoxes() {
  if (document.getElementsByTagName) {
    d = document.getElementsByTagName('div');
    for (i = 0; i < d.length; i++) {
      if (d[i].className == 'log') {
        flip(d[i]);
      }
    }
  }
}

// -->
</script>

</head>
<body>
<h2 align='center'>CourseSmart Provider Test</h2><table border='1' align="center">
<tr>
<td>Tests passed/Failed/Skipped:</td><td>0/2/0</td>
</tr><tr>
<td>Started on:</td><td>Sun Apr 10 14:14:21 IDT 2016</td>
</tr>
<tr><td>Total time:</td><td>976 seconds (976647 ms)</td>
</tr><tr>
<td>Included groups:</td><td></td>
</tr><tr>
<td>Excluded groups:</td><td></td>
</tr>
</table><p/>
<small><i>(Hover the method name to see the test class name)</i></small><p/>
<table width='100%' border='1' class='invocation-failed'>
<tr><td colspan='4' align='center'><b>FAILED TESTS</b></td></tr>
<tr><td><b>Test method</b></td>
<td width="30%"><b>Exception</b></td>
<td width="10%"><b>Time (seconds)</b></td>
<td><b>Instance</b></td>
</tr>
<tr>
<td title='com.mcgraw.test.automation.tests.externaltools.CourseSmartLaunchEbook.checkCourseSmartProviderForInstructor()'><b>checkCourseSmartProviderForInstructor</b><br>Test class: com.mcgraw.test.automation.tests.externaltools.CourseSmartLaunchEbook<br>Test method: Check Course Smart provider for instructor<br/>
<a href="#Output-81881902" onClick='toggleBox("Output-81881902", this, "Show output", "Hide output");'>Show output</a>

<a href="#Output-81881902" onClick="toggleAllBoxes();">Show all outputs</a>
<div class='log' id="Output-81881902">
2016-04-10 14:22:50,044  INFO root - Logging in to MH Campus instance: URL=http://epamInstance-20160410-141426758.mhcampus.com as user: username=instructor51283, password=123qweA@<br>
<br/>
2016-04-10 14:22:50,058  INFO root - Opening URL: http://epamInstance-20160410-141426758.mhcampus.com. Thread ID: 1 Browser: com.mcgraw.test.automation.framework.selenium2.ui.Browser@2e7c2f99<br>
<br/>
2016-04-10 14:22:51,116  INFO root - Waiting for MhCampusInstanceLoginScreen page...<br>
<br/>
2016-04-10 14:22:51,581  INFO root - Type value 'instructor51283' to Input 'name=ctl00$ContentPlaceHolder1$LoginCustomerControl$TextBoxName'<br>
<br/>
2016-04-10 14:22:51,863  INFO root - Type value '123qweA@' to Input 'name=ctl00$ContentPlaceHolder1$LoginCustomerControl$TextBoxPassword'<br>
<br/>
2016-04-10 14:22:52,032 HTML_OUTPUT root - Taken screenshoot <a href='screenshoots/screenshot-20160410-142252031.png'>screenshot-20160410-142252031.png</a><br>
<br/>
2016-04-10 14:22:52,033  INFO root - Clicking Login button...<br>
<br/>
2016-04-10 14:22:54,266  INFO root - Waiting for MhCampusIntroductionScreen page...<br>
<br/>
2016-04-10 14:22:54,572 HTML_OUTPUT root - Taken screenshoot <a href='screenshoots/screenshot-20160410-142254570.png'>screenshot-20160410-142254570.png</a><br>
<br/>
2016-04-10 14:23:15,624  INFO root - Introduction Screen is opened<br>
<br/>
2016-04-10 14:23:21,626  INFO root - Click launch Ebook<br>
<br/>
2016-04-10 14:23:31,346  INFO root - Current URL before switching is : https://epaminstance-20160410-141426758.mhcampus.com/Pages/MyClasses.aspx?ReturnUrl=%2f&amp;AspxAutoDetectCookieSupport=1<br>
<br/>
2016-04-10 14:23:31,363  INFO root - Now opened : 2 windows!<br>
<br/>
2016-04-10 14:23:31,398  INFO root - Switched to Last window with URL: https://bc.vitalsource.com/books/125902461X<br>
<br/>
2016-04-10 14:23:31,501 HTML_OUTPUT root - Taken screenshoot <a href='screenshoots/screenshot-20160410-142331499.png'>screenshot-20160410-142331499.png</a><br>
<br/>
2016-04-10 14:23:37,501  INFO root - Click 'Continue'button<br>
<br/>
2016-04-10 14:23:37,501  INFO root - Wait for element By: By.xpath: .//span[contains(text(),'Continue')]<br>
<br/>
2016-04-10 14:23:44,183  INFO root - Type value 'instructor51283@epam.com' to Input 'name=user[email]'<br>
<br/>
2016-04-10 14:23:44,638 HTML_OUTPUT root - Taken screenshoot <a href='screenshoots/screenshot-20160410-142344636.png'>screenshot-20160410-142344636.png</a><br>
<br/>
2016-04-10 14:23:45,009 HTML_OUTPUT root - Taken screenshoot <a href='screenshoots/screenshot-20160410-142345007.png'>screenshot-20160410-142345007.png</a><br>
<br/>
2016-04-10 14:23:45,134 HTML_OUTPUT root - Taken screenshoot <a href='screenshoots/screenshot-20160410-142345131.png'>screenshot-20160410-142345131.png</a><br>
<br/>
2016-04-10 14:23:45,134  INFO root - Wait for element By: By.id: first-name-input<br>
<br/>
2016-04-10 14:23:46,600  INFO root - Wait for element By: By.id: last-name-input<br>
<br/>
2016-04-10 14:23:47,089  INFO root - Wait for element By: By.id: security-answer-input<br>
<br/>
2016-04-10 14:23:47,315  INFO root - Wait for element By: By.id: password-input<br>
<br/>
2016-04-10 14:23:47,644  INFO root - Wait for element By: By.id: password-confirm-input<br>
<br/>
2016-04-10 14:23:48,029  INFO root - Wait for element By: By.xpath: .//div[contains(text(),'Email me')]<br>
<br/>
2016-04-10 14:23:48,519 HTML_OUTPUT root - Taken screenshoot <a href='screenshoots/screenshot-20160410-142348517.png'>screenshot-20160410-142348517.png</a><br>
<br/>
2016-04-10 14:23:48,519  INFO root - Wait for element By: By.xpath: .//span[contains(text(),'I agree')]<br>
<br/>
2016-04-10 14:23:48,839  INFO root - Wait for element By: By.xpath: .//*[@id='registration-form']/input[3]<br>
<br/>
2016-04-10 14:23:49,261  INFO root - Pause for '30000' millis<br>
<br/>
2016-04-10 14:24:19,260  INFO root - Wait for element By: By.xpath: .//*[@id='reader']/div[1]/div/button<br>
<br/>
2016-04-10 14:26:00,054 HTML_OUTPUT root - Taken screenshoot <a href='screenshoots/screenshot-20160410-142600053.png'>screenshot-20160410-142600053.png</a><br>
<br/>
</div>
</td>
<td><div><pre>com.mcgraw.test.automation.framework.core.timing.TimeoutException: Timed out after 100 seconds waiting for com.mcgraw.test.automation.framework.selenium2.ui.WebDriverFunctions$3@42f400c3
	at com.mcgraw.test.automation.framework.selenium2.ui.Browser$5.timeoutException(Browser.java:538)
	at com.mcgraw.test.automation.framework.core.timing.SmartWait.until(SmartWait.java:231)
	at com.mcgraw.test.automation.framework.selenium2.ui.Browser.waitForElement(Browser.java:543)
	at com.mcgraw.test.automation.framework.selenium2.ui.Browser.waitForElement(Browser.java:552)
	at com.mcgraw.test.automation.ui.mhcampus.course.MhCampusCourseBlock.fillFormForBookshelf(MhCampusCourseBlock.java:644)
	at com.mcgraw.test.automation.ui.mhcampus.course.MhCampusCourseBlock.clickLaunchEbookLinkAndFillEmail(MhCampusCourseBlock.java:565)
	at com.mcgraw.test.automation.tests.externaltools.CourseSmartLaunchEbook.checkCourseSmartProviderForInstructor(CourseSmartLaunchEbook.java:122)
	at org.springframework.test.context.testng.AbstractTestNGSpringContextTests.run(AbstractTestNGSpringContextTests.java:155)
Caused by: org.openqa.selenium.NoSuchElementException: Unable to locate element: {&quot;method&quot;:&quot;xpath&quot;,&quot;selector&quot;:&quot;.//*[@id=&apos;reader&apos;]/div[1]/div/button&quot;}
Command duration or timeout: 14 milliseconds
For documentation on this error, please visit: http://seleniumhq.org/exceptions/no_such_element.html
Build info: version: &apos;2.53.0&apos;, revision: &apos;35ae25b1534ae328c771e0856c93e187490ca824&apos;, time: &apos;2016-03-15 10:43:46&apos;
System info: host: &apos;Elvira-Lap&apos;, ip: &apos;192.168.2.24&apos;, os.name: &apos;Windows 8.1&apos;, os.arch: &apos;amd64&apos;, os.version: &apos;6.3&apos;, java.version: &apos;1.7.0_79&apos;
*** Element info: {Using=xpath, value=.//*[@id=&apos;reader&apos;]/div[1]/div/button}
Session ID: 15affeea-4233-4634-93e4-8abc67e90f3a
Driver info: com.mcgraw.test.automation.framework.selenium2.ui.ConvertFirefoxDriver
Capabilities [{platform=WINDOWS, acceptSslCerts=true, javascriptEnabled=true, cssSelectorsEnabled=true, databaseEnabled=true, browserName=firefox, handlesAlerts=true, nativeEvents=false, webStorageEnabled=true, rotatable=false, locationContextEnabled=true, applicationCacheEnabled=true, takesScreenshot=true, version=45.0.1}]
	at org.openqa.selenium.remote.ErrorHandler.createThrowable(ErrorHandler.java:206)
	at org.openqa.selenium.remote.ErrorHandler.throwIfResponseFailed(ErrorHandler.java:158)
	at org.openqa.selenium.remote.RemoteWebDriver.execute(RemoteWebDriver.java:678)
	at com.mcgraw.test.automation.framework.selenium2.ui.ConvertFirefoxDriver.execute(ConvertFirefoxDriver.java:35)
	at org.openqa.selenium.remote.RemoteWebDriver.findElement(RemoteWebDriver.java:363)
	at org.openqa.selenium.remote.RemoteWebDriver.findElementByXPath(RemoteWebDriver.java:500)
	at org.openqa.selenium.By$ByXPath.findElement(By.java:361)
	at org.openqa.selenium.remote.RemoteWebDriver.findElement(RemoteWebDriver.java:355)
	at com.mcgraw.test.automation.framework.selenium2.ui.WebDriverFunctions$3.apply(WebDriverFunctions.java:45)
	at com.mcgraw.test.automation.framework.selenium2.ui.WebDriverFunctions$3.apply(WebDriverFunctions.java:1)
	at com.mcgraw.test.automation.framework.core.timing.SmartWait.until(SmartWait.java:207)
	... 36 more
Caused by: org.openqa.selenium.NoSuchElementException: Unable to locate element: {&quot;method&quot;:&quot;xpath&quot;,&quot;selector&quot;:&quot;.//*[@id=&apos;reader&apos;]/div[1]/div/button&quot;}
For documentation on this error, please visit: http://seleniumhq.org/exceptions/no_such_element.html
Build info: version: &apos;2.53.0&apos;, revision: &apos;35ae25b1534ae328c771e0856c93e187490ca824&apos;, time: &apos;2016-03-15 10:43:46&apos;
System info: host: &apos;Elvira-Lap&apos;, ip: &apos;192.168.2.24&apos;, os.name: &apos;Windows 8.1&apos;, os.arch: &apos;amd64&apos;, os.version: &apos;6.3&apos;, java.version: &apos;1.7.0_79&apos;
Driver info: driver.version: unknown
	at &lt;anonymous class&gt;.FirefoxDriver.prototype.findElementInternal_(file:///C:/Users/elvira/AppData/Local/Temp/anonymous8597480238003633557webdriver-profile/extensions/fxdriver@googlecode.com/components/driver-component.js:10770)
	at &lt;anonymous class&gt;.FirefoxDriver.prototype.findElement(file:///C:/Users/elvira/AppData/Local/Temp/anonymous8597480238003633557webdriver-profile/extensions/fxdriver@googlecode.com/components/driver-component.js:10779)
	at &lt;anonymous class&gt;.DelayedCommand.prototype.executeInternal_/h(file:///C:/Users/elvira/AppData/Local/Temp/anonymous8597480238003633557webdriver-profile/extensions/fxdriver@googlecode.com/components/command-processor.js:12661)
	at &lt;anonymous class&gt;.DelayedCommand.prototype.executeInternal_(file:///C:/Users/elvira/AppData/Local/Temp/anonymous8597480238003633557webdriver-profile/extensions/fxdriver@googlecode.com/components/command-processor.js:12666)
	at &lt;anonymous class&gt;.DelayedCommand.prototype.execute/&lt;(file:///C:/Users/elvira/AppData/Local/Temp/anonymous8597480238003633557webdriver-profile/extensions/fxdriver@googlecode.com/components/command-processor.js:12608)
... Removed 33 stack frames</pre></div><a href='#' onClick='toggleBox("stack-trace81881902", this, "Click to show all stack frames", "Click to hide stack frames")'>Click to show all stack frames</a>
<div class='stack-trace' id='stack-trace81881902'><pre>com.mcgraw.test.automation.framework.core.timing.TimeoutException: Timed out after 100 seconds waiting for com.mcgraw.test.automation.framework.selenium2.ui.WebDriverFunctions$3@42f400c3
	at com.mcgraw.test.automation.framework.selenium2.ui.Browser$5.timeoutException(Browser.java:538)
	at com.mcgraw.test.automation.framework.core.timing.SmartWait.until(SmartWait.java:231)
	at com.mcgraw.test.automation.framework.selenium2.ui.Browser.waitForElement(Browser.java:543)
	at com.mcgraw.test.automation.framework.selenium2.ui.Browser.waitForElement(Browser.java:552)
	at com.mcgraw.test.automation.ui.mhcampus.course.MhCampusCourseBlock.fillFormForBookshelf(MhCampusCourseBlock.java:644)
	at com.mcgraw.test.automation.ui.mhcampus.course.MhCampusCourseBlock.clickLaunchEbookLinkAndFillEmail(MhCampusCourseBlock.java:565)
	at com.mcgraw.test.automation.tests.externaltools.CourseSmartLaunchEbook.checkCourseSmartProviderForInstructor(CourseSmartLaunchEbook.java:122)
	at sun.reflect.NativeMethodAccessorImpl.invoke0(Native Method)
	at sun.reflect.NativeMethodAccessorImpl.invoke(NativeMethodAccessorImpl.java:57)
	at sun.reflect.DelegatingMethodAccessorImpl.invoke(DelegatingMethodAccessorImpl.java:43)
	at java.lang.reflect.Method.invoke(Method.java:606)
	at org.testng.internal.MethodInvocationHelper.invokeMethod(MethodInvocationHelper.java:84)
	at org.testng.internal.MethodInvocationHelper$1.runTestMethod(MethodInvocationHelper.java:200)
	at org.springframework.test.context.testng.AbstractTestNGSpringContextTests.run(AbstractTestNGSpringContextTests.java:155)
	at sun.reflect.NativeMethodAccessorImpl.invoke0(Native Method)
	at sun.reflect.NativeMethodAccessorImpl.invoke(NativeMethodAccessorImpl.java:57)
	at sun.reflect.DelegatingMethodAccessorImpl.invoke(DelegatingMethodAccessorImpl.java:43)
	at java.lang.reflect.Method.invoke(Method.java:606)
	at org.testng.internal.MethodInvocationHelper.invokeHookable(MethodInvocationHelper.java:212)
	at org.testng.internal.Invoker.invokeMethod(Invoker.java:707)
	at org.testng.internal.Invoker.invokeTestMethod(Invoker.java:901)
	at org.testng.internal.Invoker.invokeTestMethods(Invoker.java:1231)
	at org.testng.internal.TestMethodWorker.invokeTestMethods(TestMethodWorker.java:127)
	at org.testng.internal.TestMethodWorker.run(TestMethodWorker.java:111)
	at org.testng.TestRunner.privateRun(TestRunner.java:767)
	at org.testng.TestRunner.run(TestRunner.java:617)
	at org.testng.SuiteRunner.runTest(SuiteRunner.java:334)
	at org.testng.SuiteRunner.runSequentially(SuiteRunner.java:329)
	at org.testng.SuiteRunner.privateRun(SuiteRunner.java:291)
	at org.testng.SuiteRunner.run(SuiteRunner.java:240)
	at org.testng.SuiteRunnerWorker.runSuite(SuiteRunnerWorker.java:52)
	at org.testng.SuiteRunnerWorker.run(SuiteRunnerWorker.java:86)
	at org.testng.TestNG.runSuitesSequentially(TestNG.java:1224)
	at org.testng.TestNG.runSuitesLocally(TestNG.java:1149)
	at org.testng.TestNG.run(TestNG.java:1057)
	at org.testng.remote.RemoteTestNG.run(RemoteTestNG.java:115)
	at org.testng.remote.RemoteTestNG.initAndRun(RemoteTestNG.java:207)
	at org.testng.remote.RemoteTestNG.main(RemoteTestNG.java:178)
Caused by: org.openqa.selenium.NoSuchElementException: Unable to locate element: {&quot;method&quot;:&quot;xpath&quot;,&quot;selector&quot;:&quot;.//*[@id=&apos;reader&apos;]/div[1]/div/button&quot;}
Command duration or timeout: 14 milliseconds
For documentation on this error, please visit: http://seleniumhq.org/exceptions/no_such_element.html
Build info: version: &apos;2.53.0&apos;, revision: &apos;35ae25b1534ae328c771e0856c93e187490ca824&apos;, time: &apos;2016-03-15 10:43:46&apos;
System info: host: &apos;Elvira-Lap&apos;, ip: &apos;192.168.2.24&apos;, os.name: &apos;Windows 8.1&apos;, os.arch: &apos;amd64&apos;, os.version: &apos;6.3&apos;, java.version: &apos;1.7.0_79&apos;
*** Element info: {Using=xpath, value=.//*[@id=&apos;reader&apos;]/div[1]/div/button}
Session ID: 15affeea-4233-4634-93e4-8abc67e90f3a
Driver info: com.mcgraw.test.automation.framework.selenium2.ui.ConvertFirefoxDriver
Capabilities [{platform=WINDOWS, acceptSslCerts=true, javascriptEnabled=true, cssSelectorsEnabled=true, databaseEnabled=true, browserName=firefox, handlesAlerts=true, nativeEvents=false, webStorageEnabled=true, rotatable=false, locationContextEnabled=true, applicationCacheEnabled=true, takesScreenshot=true, version=45.0.1}]
	at sun.reflect.GeneratedConstructorAccessor36.newInstance(Unknown Source)
	at sun.reflect.DelegatingConstructorAccessorImpl.newInstance(DelegatingConstructorAccessorImpl.java:45)
	at java.lang.reflect.Constructor.newInstance(Constructor.java:526)
	at org.openqa.selenium.remote.ErrorHandler.createThrowable(ErrorHandler.java:206)
	at org.openqa.selenium.remote.ErrorHandler.throwIfResponseFailed(ErrorHandler.java:158)
	at org.openqa.selenium.remote.RemoteWebDriver.execute(RemoteWebDriver.java:678)
	at com.mcgraw.test.automation.framework.selenium2.ui.ConvertFirefoxDriver.execute(ConvertFirefoxDriver.java:35)
	at org.openqa.selenium.remote.RemoteWebDriver.findElement(RemoteWebDriver.java:363)
	at org.openqa.selenium.remote.RemoteWebDriver.findElementByXPath(RemoteWebDriver.java:500)
	at org.openqa.selenium.By$ByXPath.findElement(By.java:361)
	at org.openqa.selenium.remote.RemoteWebDriver.findElement(RemoteWebDriver.java:355)
	at com.mcgraw.test.automation.framework.selenium2.ui.WebDriverFunctions$3.apply(WebDriverFunctions.java:45)
	at com.mcgraw.test.automation.framework.selenium2.ui.WebDriverFunctions$3.apply(WebDriverFunctions.java:1)
	at com.mcgraw.test.automation.framework.core.timing.SmartWait.until(SmartWait.java:207)
	... 36 more
Caused by: org.openqa.selenium.NoSuchElementException: Unable to locate element: {&quot;method&quot;:&quot;xpath&quot;,&quot;selector&quot;:&quot;.//*[@id=&apos;reader&apos;]/div[1]/div/button&quot;}
For documentation on this error, please visit: http://seleniumhq.org/exceptions/no_such_element.html
Build info: version: &apos;2.53.0&apos;, revision: &apos;35ae25b1534ae328c771e0856c93e187490ca824&apos;, time: &apos;2016-03-15 10:43:46&apos;
System info: host: &apos;Elvira-Lap&apos;, ip: &apos;192.168.2.24&apos;, os.name: &apos;Windows 8.1&apos;, os.arch: &apos;amd64&apos;, os.version: &apos;6.3&apos;, java.version: &apos;1.7.0_79&apos;
Driver info: driver.version: unknown
	at &lt;anonymous class&gt;.FirefoxDriver.prototype.findElementInternal_(file:///C:/Users/elvira/AppData/Local/Temp/anonymous8597480238003633557webdriver-profile/extensions/fxdriver@googlecode.com/components/driver-component.js:10770)
	at &lt;anonymous class&gt;.FirefoxDriver.prototype.findElement(file:///C:/Users/elvira/AppData/Local/Temp/anonymous8597480238003633557webdriver-profile/extensions/fxdriver@googlecode.com/components/driver-component.js:10779)
	at &lt;anonymous class&gt;.DelayedCommand.prototype.executeInternal_/h(file:///C:/Users/elvira/AppData/Local/Temp/anonymous8597480238003633557webdriver-profile/extensions/fxdriver@googlecode.com/components/command-processor.js:12661)
	at &lt;anonymous class&gt;.DelayedCommand.prototype.executeInternal_(file:///C:/Users/elvira/AppData/Local/Temp/anonymous8597480238003633557webdriver-profile/extensions/fxdriver@googlecode.com/components/command-processor.js:12666)
	at &lt;anonymous class&gt;.DelayedCommand.prototype.execute/&lt;(file:///C:/Users/elvira/AppData/Local/Temp/anonymous8597480238003633557webdriver-profile/extensions/fxdriver@googlecode.com/components/command-processor.js:12608)
</pre></div></td>
<td>190</td>
<td>com.mcgraw.test.automation.tests.externaltools.CourseSmartLaunchEbook@5ecfca71</td></tr>
<tr>
<td title='com.mcgraw.test.automation.tests.externaltools.CourseSmartLaunchEbook.checkCourseSmartProviderForStudent()'><b>checkCourseSmartProviderForStudent</b><br>Test class: com.mcgraw.test.automation.tests.externaltools.CourseSmartLaunchEbook<br>Test method: Check Course Smart provider for student<br/>
<a href="#Output-1241607397" onClick='toggleBox("Output-1241607397", this, "Show output", "Hide output");'>Show output</a>

<a href="#Output-1241607397" onClick="toggleAllBoxes();">Show all outputs</a>
<div class='log' id="Output-1241607397">
2016-04-10 14:26:02,172  INFO root - Logging in to MH Campus instance: URL=http://epamInstance-20160410-141426758.mhcampus.com as user: username=student68903, password=123qweA@<br>
<br/>
2016-04-10 14:26:02,390  INFO root - Opening URL: http://epamInstance-20160410-141426758.mhcampus.com. Thread ID: 1 Browser: com.mcgraw.test.automation.framework.selenium2.ui.Browser@2e7c2f99<br>
<br/>
2016-04-10 14:26:03,347  INFO root - Waiting for MhCampusInstanceLoginScreen page...<br>
<br/>
2016-04-10 14:26:03,794  INFO root - Type value 'student68903' to Input 'name=ctl00$ContentPlaceHolder1$LoginCustomerControl$TextBoxName'<br>
<br/>
2016-04-10 14:26:04,071  INFO root - Type value '123qweA@' to Input 'name=ctl00$ContentPlaceHolder1$LoginCustomerControl$TextBoxPassword'<br>
<br/>
2016-04-10 14:26:04,259 HTML_OUTPUT root - Taken screenshoot <a href='screenshoots/screenshot-20160410-142604257.png'>screenshot-20160410-142604257.png</a><br>
<br/>
2016-04-10 14:26:04,259  INFO root - Clicking Login button...<br>
<br/>
2016-04-10 14:26:06,160  INFO root - Waiting for MhCampusIntroductionScreen page...<br>
<br/>
2016-04-10 14:26:06,447 HTML_OUTPUT root - Taken screenshoot <a href='screenshoots/screenshot-20160410-142606445.png'>screenshot-20160410-142606445.png</a><br>
<br/>
2016-04-10 14:26:07,549  INFO root - Welcome Frame is opened<br>
<br/>
2016-04-10 14:26:13,549  INFO root - Accepting MH Campus terms and clicking Get Started<br>
<br/>
2016-04-10 14:26:13,638  INFO root - Current URL before switching is : https://epaminstance-20160410-141426758.mhcampus.com/Pages/MyClasses.aspx?ReturnUrl=%2f&amp;AspxAutoDetectCookieSupport=1<br>
<br/>
2016-04-10 14:26:13,651  INFO root - Now opened : 1 windows!<br>
<br/>
2016-04-10 14:26:13,685  INFO root - Switched to Last window with URL: https://epaminstance-20160410-141426758.mhcampus.com/Pages/MyClasses.aspx?ReturnUrl=%2f&amp;AspxAutoDetectCookieSupport=1<br>
<br/>
2016-04-10 14:26:15,976 OPERATION root - Checking 'id=chkAgreeTerms' checkbox.<br>
<br/>
2016-04-10 14:26:18,817  INFO root - Current URL before switching is : https://epaminstance-20160410-141426758.mhcampus.com/Pages/MyClasses.aspx?ReturnUrl=%2f&amp;AspxAutoDetectCookieSupport=1<br>
<br/>
2016-04-10 14:26:18,825  INFO root - Now opened : 1 windows!<br>
<br/>
2016-04-10 14:26:19,042  INFO root - Switched to Last window with URL: https://epaminstance-20160410-141426758.mhcampus.com/Pages/MyClasses.aspx?ReturnUrl=%2f&amp;AspxAutoDetectCookieSupport=1<br>
<br/>
2016-04-10 14:26:19,061  INFO root - Expand course name=courseName69117<br>
<br/>
2016-04-10 14:26:19,061  INFO root - Waiting for MhCampusIntroductionScreen page...<br>
<br/>
2016-04-10 14:26:19,209  INFO root - Waiting for MhCampusCourseBlock page...<br>
<br/>
2016-04-10 14:26:21,226  INFO root - Click launch Ebook<br>
<br/>
2016-04-10 14:26:31,015  INFO root - Current URL before switching is : https://epaminstance-20160410-141426758.mhcampus.com/Pages/MyClasses.aspx?ReturnUrl=%2f&amp;AspxAutoDetectCookieSupport=1<br>
<br/>
2016-04-10 14:26:31,026  INFO root - Now opened : 2 windows!<br>
<br/>
2016-04-10 14:26:31,055  INFO root - Switched to Last window with URL: https://bookshelf.vitalsource.com/#/user/sso<br>
<br/>
2016-04-10 14:26:31,234 HTML_OUTPUT root - Taken screenshoot <a href='screenshoots/screenshot-20160410-142631232.png'>screenshot-20160410-142631232.png</a><br>
<br/>
2016-04-10 14:26:37,234  INFO root - Click 'next, next, next'<br>
<br/>
2016-04-10 14:26:47,967 HTML_OUTPUT root - Taken screenshoot <a href='screenshoots/screenshot-20160410-142647965.png'>screenshot-20160410-142647965.png</a><br>
<br/>
2016-04-10 14:26:47,967  INFO root - com.mcgraw.test.automation.framework.core.timing.TimeoutException: Timed out after 10 seconds waiting for com.mcgraw.test.automation.framework.selenium2.ui.WebDriverFunctions$3@79957756<br>
<br/>
2016-04-10 14:26:48,096  INFO root - Type value 'student68903@epam.com' to Input 'name=user[email]'<br>
<br/>
2016-04-10 14:26:48,592 HTML_OUTPUT root - Taken screenshoot <a href='screenshoots/screenshot-20160410-142648590.png'>screenshot-20160410-142648590.png</a><br>
<br/>
2016-04-10 14:26:48,929 HTML_OUTPUT root - Taken screenshoot <a href='screenshoots/screenshot-20160410-142648928.png'>screenshot-20160410-142648928.png</a><br>
<br/>
2016-04-10 14:26:49,098 HTML_OUTPUT root - Taken screenshoot <a href='screenshoots/screenshot-20160410-142649096.png'>screenshot-20160410-142649096.png</a><br>
<br/>
2016-04-10 14:26:49,098  INFO root - Wait for element By: By.id: first-name-input<br>
<br/>
2016-04-10 14:26:50,605  INFO root - Wait for element By: By.id: last-name-input<br>
<br/>
2016-04-10 14:26:51,108  INFO root - Wait for element By: By.id: security-answer-input<br>
<br/>
2016-04-10 14:26:51,395  INFO root - Wait for element By: By.id: password-input<br>
<br/>
2016-04-10 14:26:51,787  INFO root - Wait for element By: By.id: password-confirm-input<br>
<br/>
2016-04-10 14:26:52,199  INFO root - Wait for element By: By.xpath: .//div[contains(text(),'Email me')]<br>
<br/>
2016-04-10 14:26:52,555 HTML_OUTPUT root - Taken screenshoot <a href='screenshoots/screenshot-20160410-142652553.png'>screenshot-20160410-142652553.png</a><br>
<br/>
2016-04-10 14:26:52,555  INFO root - Wait for element By: By.xpath: .//span[contains(text(),'I agree')]<br>
<br/>
2016-04-10 14:26:52,813  INFO root - Wait for element By: By.xpath: .//*[@id='registration-form']/input[3]<br>
<br/>
2016-04-10 14:26:53,316  INFO root - Pause for '30000' millis<br>
<br/>
2016-04-10 14:27:23,317  INFO root - Wait for element By: By.xpath: .//*[@id='reader']/div[1]/div/button<br>
<br/>
2016-04-10 14:29:04,112 HTML_OUTPUT root - Taken screenshoot <a href='screenshoots/screenshot-20160410-142904110.png'>screenshot-20160410-142904110.png</a><br>
<br/>
</div>
</td>
<td><div><pre>com.mcgraw.test.automation.framework.core.timing.TimeoutException: Timed out after 100 seconds waiting for com.mcgraw.test.automation.framework.selenium2.ui.WebDriverFunctions$3@485fcd8e
	at com.mcgraw.test.automation.framework.selenium2.ui.Browser$5.timeoutException(Browser.java:538)
	at com.mcgraw.test.automation.framework.core.timing.SmartWait.until(SmartWait.java:231)
	at com.mcgraw.test.automation.framework.selenium2.ui.Browser.waitForElement(Browser.java:543)
	at com.mcgraw.test.automation.framework.selenium2.ui.Browser.waitForElement(Browser.java:552)
	at com.mcgraw.test.automation.ui.mhcampus.course.MhCampusCourseBlock.fillFormForBookshelf(MhCampusCourseBlock.java:644)
	at com.mcgraw.test.automation.ui.mhcampus.course.MhCampusCourseBlock.clickLaunchEbookLinkAndFillEmail(MhCampusCourseBlock.java:565)
	at com.mcgraw.test.automation.tests.externaltools.CourseSmartLaunchEbook.checkCourseSmartProviderForStudent(CourseSmartLaunchEbook.java:136)
	at org.springframework.test.context.testng.AbstractTestNGSpringContextTests.run(AbstractTestNGSpringContextTests.java:155)
Caused by: org.openqa.selenium.NoSuchElementException: Unable to locate element: {&quot;method&quot;:&quot;xpath&quot;,&quot;selector&quot;:&quot;.//*[@id=&apos;reader&apos;]/div[1]/div/button&quot;}
Command duration or timeout: 43 milliseconds
For documentation on this error, please visit: http://seleniumhq.org/exceptions/no_such_element.html
Build info: version: &apos;2.53.0&apos;, revision: &apos;35ae25b1534ae328c771e0856c93e187490ca824&apos;, time: &apos;2016-03-15 10:43:46&apos;
System info: host: &apos;Elvira-Lap&apos;, ip: &apos;192.168.2.24&apos;, os.name: &apos;Windows 8.1&apos;, os.arch: &apos;amd64&apos;, os.version: &apos;6.3&apos;, java.version: &apos;1.7.0_79&apos;
*** Element info: {Using=xpath, value=.//*[@id=&apos;reader&apos;]/div[1]/div/button}
Session ID: 15affeea-4233-4634-93e4-8abc67e90f3a
Driver info: com.mcgraw.test.automation.framework.selenium2.ui.ConvertFirefoxDriver
Capabilities [{platform=WINDOWS, acceptSslCerts=true, javascriptEnabled=true, cssSelectorsEnabled=true, databaseEnabled=true, browserName=firefox, handlesAlerts=true, nativeEvents=false, webStorageEnabled=true, rotatable=false, locationContextEnabled=true, applicationCacheEnabled=true, takesScreenshot=true, version=45.0.1}]
	at org.openqa.selenium.remote.ErrorHandler.createThrowable(ErrorHandler.java:206)
	at org.openqa.selenium.remote.ErrorHandler.throwIfResponseFailed(ErrorHandler.java:158)
	at org.openqa.selenium.remote.RemoteWebDriver.execute(RemoteWebDriver.java:678)
	at com.mcgraw.test.automation.framework.selenium2.ui.ConvertFirefoxDriver.execute(ConvertFirefoxDriver.java:35)
	at org.openqa.selenium.remote.RemoteWebDriver.findElement(RemoteWebDriver.java:363)
	at org.openqa.selenium.remote.RemoteWebDriver.findElementByXPath(RemoteWebDriver.java:500)
	at org.openqa.selenium.By$ByXPath.findElement(By.java:361)
	at org.openqa.selenium.remote.RemoteWebDriver.findElement(RemoteWebDriver.java:355)
	at com.mcgraw.test.automation.framework.selenium2.ui.WebDriverFunctions$3.apply(WebDriverFunctions.java:45)
	at com.mcgraw.test.automation.framework.selenium2.ui.WebDriverFunctions$3.apply(WebDriverFunctions.java:1)
	at com.mcgraw.test.automation.framework.core.timing.SmartWait.until(SmartWait.java:207)
	... 36 more
Caused by: org.openqa.selenium.NoSuchElementException: Unable to locate element: {&quot;method&quot;:&quot;xpath&quot;,&quot;selector&quot;:&quot;.//*[@id=&apos;reader&apos;]/div[1]/div/button&quot;}
For documentation on this error, please visit: http://seleniumhq.org/exceptions/no_such_element.html
Build info: version: &apos;2.53.0&apos;, revision: &apos;35ae25b1534ae328c771e0856c93e187490ca824&apos;, time: &apos;2016-03-15 10:43:46&apos;
System info: host: &apos;Elvira-Lap&apos;, ip: &apos;192.168.2.24&apos;, os.name: &apos;Windows 8.1&apos;, os.arch: &apos;amd64&apos;, os.version: &apos;6.3&apos;, java.version: &apos;1.7.0_79&apos;
Driver info: driver.version: unknown
	at &lt;anonymous class&gt;.FirefoxDriver.prototype.findElementInternal_(file:///C:/Users/elvira/AppData/Local/Temp/anonymous8597480238003633557webdriver-profile/extensions/fxdriver@googlecode.com/components/driver-component.js:10770)
	at &lt;anonymous class&gt;.FirefoxDriver.prototype.findElement(file:///C:/Users/elvira/AppData/Local/Temp/anonymous8597480238003633557webdriver-profile/extensions/fxdriver@googlecode.com/components/driver-component.js:10779)
	at &lt;anonymous class&gt;.DelayedCommand.prototype.executeInternal_/h(file:///C:/Users/elvira/AppData/Local/Temp/anonymous8597480238003633557webdriver-profile/extensions/fxdriver@googlecode.com/components/command-processor.js:12661)
	at &lt;anonymous class&gt;.DelayedCommand.prototype.executeInternal_(file:///C:/Users/elvira/AppData/Local/Temp/anonymous8597480238003633557webdriver-profile/extensions/fxdriver@googlecode.com/components/command-processor.js:12666)
	at &lt;anonymous class&gt;.DelayedCommand.prototype.execute/&lt;(file:///C:/Users/elvira/AppData/Local/Temp/anonymous8597480238003633557webdriver-profile/extensions/fxdriver@googlecode.com/components/command-processor.js:12608)
... Removed 33 stack frames</pre></div><a href='#' onClick='toggleBox("stack-trace1241607397", this, "Click to show all stack frames", "Click to hide stack frames")'>Click to show all stack frames</a>
<div class='stack-trace' id='stack-trace1241607397'><pre>com.mcgraw.test.automation.framework.core.timing.TimeoutException: Timed out after 100 seconds waiting for com.mcgraw.test.automation.framework.selenium2.ui.WebDriverFunctions$3@485fcd8e
	at com.mcgraw.test.automation.framework.selenium2.ui.Browser$5.timeoutException(Browser.java:538)
	at com.mcgraw.test.automation.framework.core.timing.SmartWait.until(SmartWait.java:231)
	at com.mcgraw.test.automation.framework.selenium2.ui.Browser.waitForElement(Browser.java:543)
	at com.mcgraw.test.automation.framework.selenium2.ui.Browser.waitForElement(Browser.java:552)
	at com.mcgraw.test.automation.ui.mhcampus.course.MhCampusCourseBlock.fillFormForBookshelf(MhCampusCourseBlock.java:644)
	at com.mcgraw.test.automation.ui.mhcampus.course.MhCampusCourseBlock.clickLaunchEbookLinkAndFillEmail(MhCampusCourseBlock.java:565)
	at com.mcgraw.test.automation.tests.externaltools.CourseSmartLaunchEbook.checkCourseSmartProviderForStudent(CourseSmartLaunchEbook.java:136)
	at sun.reflect.NativeMethodAccessorImpl.invoke0(Native Method)
	at sun.reflect.NativeMethodAccessorImpl.invoke(NativeMethodAccessorImpl.java:57)
	at sun.reflect.DelegatingMethodAccessorImpl.invoke(DelegatingMethodAccessorImpl.java:43)
	at java.lang.reflect.Method.invoke(Method.java:606)
	at org.testng.internal.MethodInvocationHelper.invokeMethod(MethodInvocationHelper.java:84)
	at org.testng.internal.MethodInvocationHelper$1.runTestMethod(MethodInvocationHelper.java:200)
	at org.springframework.test.context.testng.AbstractTestNGSpringContextTests.run(AbstractTestNGSpringContextTests.java:155)
	at sun.reflect.NativeMethodAccessorImpl.invoke0(Native Method)
	at sun.reflect.NativeMethodAccessorImpl.invoke(NativeMethodAccessorImpl.java:57)
	at sun.reflect.DelegatingMethodAccessorImpl.invoke(DelegatingMethodAccessorImpl.java:43)
	at java.lang.reflect.Method.invoke(Method.java:606)
	at org.testng.internal.MethodInvocationHelper.invokeHookable(MethodInvocationHelper.java:212)
	at org.testng.internal.Invoker.invokeMethod(Invoker.java:707)
	at org.testng.internal.Invoker.invokeTestMethod(Invoker.java:901)
	at org.testng.internal.Invoker.invokeTestMethods(Invoker.java:1231)
	at org.testng.internal.TestMethodWorker.invokeTestMethods(TestMethodWorker.java:127)
	at org.testng.internal.TestMethodWorker.run(TestMethodWorker.java:111)
	at org.testng.TestRunner.privateRun(TestRunner.java:767)
	at org.testng.TestRunner.run(TestRunner.java:617)
	at org.testng.SuiteRunner.runTest(SuiteRunner.java:334)
	at org.testng.SuiteRunner.runSequentially(SuiteRunner.java:329)
	at org.testng.SuiteRunner.privateRun(SuiteRunner.java:291)
	at org.testng.SuiteRunner.run(SuiteRunner.java:240)
	at org.testng.SuiteRunnerWorker.runSuite(SuiteRunnerWorker.java:52)
	at org.testng.SuiteRunnerWorker.run(SuiteRunnerWorker.java:86)
	at org.testng.TestNG.runSuitesSequentially(TestNG.java:1224)
	at org.testng.TestNG.runSuitesLocally(TestNG.java:1149)
	at org.testng.TestNG.run(TestNG.java:1057)
	at org.testng.remote.RemoteTestNG.run(RemoteTestNG.java:115)
	at org.testng.remote.RemoteTestNG.initAndRun(RemoteTestNG.java:207)
	at org.testng.remote.RemoteTestNG.main(RemoteTestNG.java:178)
Caused by: org.openqa.selenium.NoSuchElementException: Unable to locate element: {&quot;method&quot;:&quot;xpath&quot;,&quot;selector&quot;:&quot;.//*[@id=&apos;reader&apos;]/div[1]/div/button&quot;}
Command duration or timeout: 43 milliseconds
For documentation on this error, please visit: http://seleniumhq.org/exceptions/no_such_element.html
Build info: version: &apos;2.53.0&apos;, revision: &apos;35ae25b1534ae328c771e0856c93e187490ca824&apos;, time: &apos;2016-03-15 10:43:46&apos;
System info: host: &apos;Elvira-Lap&apos;, ip: &apos;192.168.2.24&apos;, os.name: &apos;Windows 8.1&apos;, os.arch: &apos;amd64&apos;, os.version: &apos;6.3&apos;, java.version: &apos;1.7.0_79&apos;
*** Element info: {Using=xpath, value=.//*[@id=&apos;reader&apos;]/div[1]/div/button}
Session ID: 15affeea-4233-4634-93e4-8abc67e90f3a
Driver info: com.mcgraw.test.automation.framework.selenium2.ui.ConvertFirefoxDriver
Capabilities [{platform=WINDOWS, acceptSslCerts=true, javascriptEnabled=true, cssSelectorsEnabled=true, databaseEnabled=true, browserName=firefox, handlesAlerts=true, nativeEvents=false, webStorageEnabled=true, rotatable=false, locationContextEnabled=true, applicationCacheEnabled=true, takesScreenshot=true, version=45.0.1}]
	at sun.reflect.GeneratedConstructorAccessor36.newInstance(Unknown Source)
	at sun.reflect.DelegatingConstructorAccessorImpl.newInstance(DelegatingConstructorAccessorImpl.java:45)
	at java.lang.reflect.Constructor.newInstance(Constructor.java:526)
	at org.openqa.selenium.remote.ErrorHandler.createThrowable(ErrorHandler.java:206)
	at org.openqa.selenium.remote.ErrorHandler.throwIfResponseFailed(ErrorHandler.java:158)
	at org.openqa.selenium.remote.RemoteWebDriver.execute(RemoteWebDriver.java:678)
	at com.mcgraw.test.automation.framework.selenium2.ui.ConvertFirefoxDriver.execute(ConvertFirefoxDriver.java:35)
	at org.openqa.selenium.remote.RemoteWebDriver.findElement(RemoteWebDriver.java:363)
	at org.openqa.selenium.remote.RemoteWebDriver.findElementByXPath(RemoteWebDriver.java:500)
	at org.openqa.selenium.By$ByXPath.findElement(By.java:361)
	at org.openqa.selenium.remote.RemoteWebDriver.findElement(RemoteWebDriver.java:355)
	at com.mcgraw.test.automation.framework.selenium2.ui.WebDriverFunctions$3.apply(WebDriverFunctions.java:45)
	at com.mcgraw.test.automation.framework.selenium2.ui.WebDriverFunctions$3.apply(WebDriverFunctions.java:1)
	at com.mcgraw.test.automation.framework.core.timing.SmartWait.until(SmartWait.java:207)
	... 36 more
Caused by: org.openqa.selenium.NoSuchElementException: Unable to locate element: {&quot;method&quot;:&quot;xpath&quot;,&quot;selector&quot;:&quot;.//*[@id=&apos;reader&apos;]/div[1]/div/button&quot;}
For documentation on this error, please visit: http://seleniumhq.org/exceptions/no_such_element.html
Build info: version: &apos;2.53.0&apos;, revision: &apos;35ae25b1534ae328c771e0856c93e187490ca824&apos;, time: &apos;2016-03-15 10:43:46&apos;
System info: host: &apos;Elvira-Lap&apos;, ip: &apos;192.168.2.24&apos;, os.name: &apos;Windows 8.1&apos;, os.arch: &apos;amd64&apos;, os.version: &apos;6.3&apos;, java.version: &apos;1.7.0_79&apos;
Driver info: driver.version: unknown
	at &lt;anonymous class&gt;.FirefoxDriver.prototype.findElementInternal_(file:///C:/Users/elvira/AppData/Local/Temp/anonymous8597480238003633557webdriver-profile/extensions/fxdriver@googlecode.com/components/driver-component.js:10770)
	at &lt;anonymous class&gt;.FirefoxDriver.prototype.findElement(file:///C:/Users/elvira/AppData/Local/Temp/anonymous8597480238003633557webdriver-profile/extensions/fxdriver@googlecode.com/components/driver-component.js:10779)
	at &lt;anonymous class&gt;.DelayedCommand.prototype.executeInternal_/h(file:///C:/Users/elvira/AppData/Local/Temp/anonymous8597480238003633557webdriver-profile/extensions/fxdriver@googlecode.com/components/command-processor.js:12661)
	at &lt;anonymous class&gt;.DelayedCommand.prototype.executeInternal_(file:///C:/Users/elvira/AppData/Local/Temp/anonymous8597480238003633557webdriver-profile/extensions/fxdriver@googlecode.com/components/command-processor.js:12666)
	at &lt;anonymous class&gt;.DelayedCommand.prototype.execute/&lt;(file:///C:/Users/elvira/AppData/Local/Temp/anonymous8597480238003633557webdriver-profile/extensions/fxdriver@googlecode.com/components/command-processor.js:12608)
</pre></div></td>
<td>181</td>
<td>com.mcgraw.test.automation.tests.externaltools.CourseSmartLaunchEbook@5ecfca71</td></tr>
</table><p>
</body>
</html>