<?xml version="1.0" encoding="UTF-8"?>
<!-- Generated by org.testng.reporters.JUnitXMLReporter -->
<testsuite hostname="Elvira-Lap" name="Gradebook Services" tests="3" failures="0" timestamp="16 Aug 2016 10:17:18 GMT" time="882.54" errors="0">
  <testcase name="@AfterClass testSuiteTearDown" time="0.0" classname="com.mcgraw.test.automation.tests.lti.GradebookServices">
    <failure type="java.io.IOException" message="Cannot run program &amp;quot;..\dependencies\DeleteInstance\DeleteInstance.exe&amp;quot;: CreateProcess error=2, The system cannot find the file specified">
      <![CDATA[java.io.IOException: Cannot run program "..\dependencies\DeleteInstance\DeleteInstance.exe": CreateProcess error=2, The system cannot find the file specified
	at java.lang.ProcessBuilder.start(ProcessBuilder.java:1047)
	at java.lang.Runtime.exec(Runtime.java:617)
	at java.lang.Runtime.exec(Runtime.java:450)
	at java.lang.Runtime.exec(Runtime.java:347)
	at com.mcgraw.test.automation.ui.service.InstanceUtils.deleteInstance(InstanceUtils.java:45)
	at com.mcgraw.test.automation.ui.applications.TegrityAdministrationApplication.deleteMhCampusInstance(TegrityAdministrationApplication.java:324)
	at com.mcgraw.test.automation.tests.lti.GradebookServices.testSuiteTearDown(GradebookServices.java:98)
	at com.mcgraw.test.automation.framework.core.runner.CommandLineRunner.run(CommandLineRunner.java:147)
	at com.mcgraw.test.automation.tests.base.TestNgRunner.main(TestNgRunner.java:36)
Caused by: java.io.IOException: CreateProcess error=2, The system cannot find the file specified
	at java.lang.ProcessImpl.create(Native Method)
	at java.lang.ProcessImpl.<init>(ProcessImpl.java:385)
	at java.lang.ProcessImpl.start(ProcessImpl.java:136)
	at java.lang.ProcessBuilder.start(ProcessBuilder.java:1028)
	... 29 more
... Removed 21 stack frames]]>
    </failure>
  </testcase> <!-- @AfterClass testSuiteTearDown -->
  <testcase name="checkEnableGradebookServicesBeforeChanging" time="16.88" classname="com.mcgraw.test.automation.tests.lti.GradebookServices"/>
  <testcase name="checkDisableGradebookServices" time="354.018" classname="com.mcgraw.test.automation.tests.lti.GradebookServices"/>
  <testcase name="checkEnableGradebookServicesAfterChanging" time="354.094" classname="com.mcgraw.test.automation.tests.lti.GradebookServices"/>
</testsuite> <!-- Gradebook Services -->
