<?xml version="1.0" encoding="UTF-8"?>
<!-- Generated by org.testng.reporters.JUnitXMLReporter -->
<testsuite hostname="Elvira-Lap" name="CanvasDeepIntegrationWithConnect 6" tests="14" failures="1" timestamp="18 Oct 2016 15:11:27 GMT" time="568.456" errors="0">
  <testcase name="checkApplicationLinkIsPresentForInstructorInConnect" time="43.479" classname="com.mcgraw.test.automation.tests.deepintegration.CanvasDeepIntegrationWithConnect"/>
  <testcase name="checkCourseWasCreatedForInstructorInConnect" time="120.429" classname="com.mcgraw.test.automation.tests.deepintegration.CanvasDeepIntegrationWithConnect"/>
  <testcase name="checkCourseHomePageForInstructorInConnect" time="5.301" classname="com.mcgraw.test.automation.tests.deepintegration.CanvasDeepIntegrationWithConnect"/>
  <testcase name="checkAssagmentsWereCreatedForCourseInConnect" time="131.981" classname="com.mcgraw.test.automation.tests.deepintegration.CanvasDeepIntegrationWithConnect"/>
  <testcase name="checkFirstAssagmentInCanvasForInstructor" time="38.961" classname="com.mcgraw.test.automation.tests.deepintegration.CanvasDeepIntegrationWithConnect"/>
  <testcase name="checkSecondAssagmentInCanvasForInstructor" time="37.147" classname="com.mcgraw.test.automation.tests.deepintegration.CanvasDeepIntegrationWithConnect"/>
  <testcase name="checkCourseDetailsForStudentBeforeRegistrationToConnect" time="39.504" classname="com.mcgraw.test.automation.tests.deepintegration.CanvasDeepIntegrationWithConnect"/>
  <testcase name="checkCourseDetailsForStudentAfterRegistrationToConnect" time="22.008" classname="com.mcgraw.test.automation.tests.deepintegration.CanvasDeepIntegrationWithConnect"/>
  <testcase name="checkTheDetailsOfCourseInConnectUnderStudent" time="17.847" classname="com.mcgraw.test.automation.tests.deepintegration.CanvasDeepIntegrationWithConnect"/>
  <testcase name="checkFirstAssagmentInCanvasForStudent" time="25.834" classname="com.mcgraw.test.automation.tests.deepintegration.CanvasDeepIntegrationWithConnect"/>
  <testcase name="checkSecondAssagmentInCanvasForStudent" time="40.607" classname="com.mcgraw.test.automation.tests.deepintegration.CanvasDeepIntegrationWithConnect">
    <failure type="org.openqa.selenium.NoSuchElementException" message="Cannot find any elements with locators &amp;apos;[By.xpath: //div[@id=&amp;apos;assignment_group_upcoming_assignments&amp;apos;]/ul/li[1]/div/div/div[2]/a]&amp;apos;. Please, check your definitions.
For documentation on this error, please visit: http://seleniumhq.org/exceptions/no_such_element.html
Build info: version: &amp;apos;2.53.0&amp;apos;, revision: &amp;apos;35ae25b1534ae328c771e0856c93e187490ca824&amp;apos;, time: &amp;apos;2016-03-15 10:43:46&amp;apos;
System info: host: &amp;apos;Elvira-Lap&amp;apos;, ip: &amp;apos;192.168.2.51&amp;apos;, os.name: &amp;apos;Windows 8.1&amp;apos;, os.arch: &amp;apos;amd64&amp;apos;, os.version: &amp;apos;6.3&amp;apos;, java.version: &amp;apos;1.7.0_79&amp;apos;
Driver info: driver.version: unknown">
      <![CDATA[org.openqa.selenium.NoSuchElementException: Cannot find any elements with locators '[By.xpath: //div[@id='assignment_group_upcoming_assignments']/ul/li[1]/div/div/div[2]/a]'. Please, check your definitions.
For documentation on this error, please visit: http://seleniumhq.org/exceptions/no_such_element.html
Build info: version: '2.53.0', revision: '35ae25b1534ae328c771e0856c93e187490ca824', time: '2016-03-15 10:43:46'
System info: host: 'Elvira-Lap', ip: '192.168.2.51', os.name: 'Windows 8.1', os.arch: 'amd64', os.version: '6.3', java.version: '1.7.0_79'
Driver info: driver.version: unknown
	at com.mcgraw.test.automation.framework.selenium2.ui.locator.selenium_impl.PredefinedElementLocator.findElement(PredefinedElementLocator.java:99)
	at org.openqa.selenium.support.pagefactory.internal.LocatingElementHandler.invoke(LocatingElementHandler.java:38)
	at com.mcgraw.test.automation.framework.selenium2.ui.proxyhandlers.InvocationHandlerDecorator.invoke(InvocationHandlerDecorator.java:23)
	at com.mcgraw.test.automation.framework.selenium2.ui.proxyhandlers.ScreenshotableElementHandler.invoke(ScreenshotableElementHandler.java:34)
	at com.sun.proxy.$Proxy31.getText(Unknown Source)
	at com.mcgraw.test.automation.framework.selenium2.ui.elements.Element.getText(Element.java:181)
	at com.mcgraw.test.automation.ui.canvas.CanvasCourseDetailsScreen.clickAssignmentLinkThatAlreadyStarted(CanvasCourseDetailsScreen.java:439)
	at com.mcgraw.test.automation.tests.deepintegration.CanvasDeepIntegrationWithConnect.checkSecondAssagmentInCanvasForStudent(CanvasDeepIntegrationWithConnect.java:277)
	at org.springframework.test.context.testng.AbstractTestNGSpringContextTests.run(AbstractTestNGSpringContextTests.java:155)
... Removed 29 stack frames]]>
    </failure>
  </testcase> <!-- checkSecondAssagmentInCanvasForStudent -->
  <testcase name="checkGradeIsCorrectForStudentInAssignment2" time="0.0" classname="com.mcgraw.test.automation.tests.deepintegration.CanvasDeepIntegrationWithConnect">
    <skipped/>
  </testcase> <!-- checkGradeIsCorrectForStudentInAssignment2 -->
  <testcase name="checkConnectLinksPresentInCanvasAndResetConnectionForStudent" time="0.0" classname="com.mcgraw.test.automation.tests.deepintegration.CanvasDeepIntegrationWithConnect">
    <skipped/>
  </testcase> <!-- checkConnectLinksPresentInCanvasAndResetConnectionForStudent -->
  <testcase name="checkConnectLinksPresentInCanvasAndResetConnectionForInstructor" time="0.0" classname="com.mcgraw.test.automation.tests.deepintegration.CanvasDeepIntegrationWithConnect">
    <skipped/>
  </testcase> <!-- checkConnectLinksPresentInCanvasAndResetConnectionForInstructor -->
</testsuite> <!-- CanvasDeepIntegrationWithConnect 6 -->
